Using pre-set license
Built from '2020.3/staging' branch; Version is '2020.3.8f1 (507919d4fff5) revision 5273881'; Using compiler version '192528614'; Build Type 'Release'
OS: 'Windows 10 Home Single Language; OS build 22000.282; Version 2009; 64bit' Language: 'en' Physical Memory: 8029 MB
BatchMode: 1, IsHumanControllingUs: 0, StartBugReporterOnCrash: 0, Is64bit: 1, IsPro: 0

 COMMAND LINE ARGUMENTS:
C:\Unity\Editor Folders\2020.3.8f1\Editor\Unity.exe
-adb2
-batchMode
-noUpm
-name
AssetImportWorker0
-projectPath
C:/Users/deeli/Downloads/TheHaunting-Revamped/TheHaunting-Revamped-Single
-logFile
Logs/AssetImportWorker0.log
-srvPort
53152
Successfully changed project path to: C:/Users/deeli/Downloads/TheHaunting-Revamped/TheHaunting-Revamped-Single
C:/Users/deeli/Downloads/TheHaunting-Revamped/TheHaunting-Revamped-Single
Using Asset Import Pipeline V2.
Refreshing native plugins compatible for Editor in 78.45 ms, found 1 plugins.
Preloading 0 native plugins for Editor in 0.00 ms.
Initialize engine version: 2020.3.8f1 (507919d4fff5)
[Subsystems] Discovering subsystems at path C:/Unity/Editor Folders/2020.3.8f1/Editor/Data/Resources/UnitySubsystems
[Subsystems] Discovering subsystems at path C:/Users/deeli/Downloads/TheHaunting-Revamped/TheHaunting-Revamped-Single/Assets
GfxDevice: creating device client; threaded=0
Direct3D:
    Version:  Direct3D 11.0 [level 11.1]
    Renderer: NVIDIA GeForce GTX 1650 (ID=0x1f99)
    Vendor:   
    VRAM:     3962 MB
    Driver:   30.0.14.7168
Shader 'Universal Render Pipeline/Particles/Lit': fallback shader 'Universal Render Pipeline/Particles/SimpleLit' not found
Initialize mono
Mono path[0] = 'C:/Unity/Editor Folders/2020.3.8f1/Editor/Data/Managed'
Mono path[1] = 'C:/Unity/Editor Folders/2020.3.8f1/Editor/Data/MonoBleedingEdge/lib/mono/unityjit'
Mono config path = 'C:/Unity/Editor Folders/2020.3.8f1/Editor/Data/MonoBleedingEdge/etc'
Using monoOptions --debugger-agent=transport=dt_socket,embedding=1,server=y,suspend=n,address=127.0.0.1:56964
Begin MonoManager ReloadAssembly
Registering precompiled unity dll's ...
Register platform support module: C:/Unity/Editor Folders/2020.3.8f1/Editor/Data/PlaybackEngines/MacStandaloneSupport/UnityEditor.OSXStandalone.Extensions.dll
Register platform support module: C:/Unity/Editor Folders/2020.3.8f1/Editor/Data/PlaybackEngines/WindowsStandaloneSupport/UnityEditor.WindowsStandalone.Extensions.dll
Registered in 0.002172 seconds.
Native extension for WindowsStandalone target not found
Native extension for OSXStandalone target not found
Refreshing native plugins compatible for Editor in 70.40 ms, found 1 plugins.
Preloading 0 native plugins for Editor in 0.00 ms.
Mono: successfully reloaded assembly
- Completed reload, in  1.475 seconds
Platform modules already initialized, skipping
Registering precompiled user dll's ...
Registered in 0.003610 seconds.
Begin MonoManager ReloadAssembly
Native extension for WindowsStandalone target not found
Native extension for OSXStandalone target not found
Refreshing native plugins compatible for Editor in 74.11 ms, found 1 plugins.
Preloading 0 native plugins for Editor in 0.00 ms.
Mono: successfully reloaded assembly
- Completed reload, in  1.140 seconds
Platform modules already initialized, skipping
========================================================================
Worker process is ready to serve import requests
Shader 'Universal Render Pipeline/Particles/Lit': fallback shader 'Universal Render Pipeline/Particles/SimpleLit' not found
Launched and connected shader compiler UnityShaderCompiler.exe after 0.05 seconds
Refreshing native plugins compatible for Editor in 0.86 ms, found 1 plugins.
Preloading 0 native plugins for Editor in 0.00 ms.
Unloading 3267 Unused Serialized files (Serialized files now loaded: 0)
System memory in use before: 143.8 MB.
System memory in use after: 143.9 MB.

Unloading 31 unused Assets to reduce memory usage. Loaded Objects now: 3704.
Total: 2.613700 ms (FindLiveObjects: 0.306600 ms CreateObjectMapping: 0.118200 ms MarkObjects: 2.050800 ms  DeleteObjects: 0.137100 ms)

========================================================================
Received Import Request.
  path: Assets/Scenes/PhotonSetup/SingleMenu.unity
  artifactKey: Guid(0a93ad651858c4a45be1822805aff88b) Importer(815301076,1909f56bfc062723c751e8b465ee728b)
Start importing Assets/Scenes/PhotonSetup/SingleMenu.unity using Guid(0a93ad651858c4a45be1822805aff88b) Importer(815301076,1909f56bfc062723c751e8b465ee728b)  -> (artifact id: 'cd9d6cb0a12ffa9adf84c1d71bb2f201') in 0.019905 seconds
  Import took 0.026502 seconds .

========================================================================
Received Prepare
Registering precompiled user dll's ...
Registered in 0.107359 seconds.
Begin MonoManager ReloadAssembly
Native extension for WindowsStandalone target not found
Native extension for OSXStandalone target not found
Refreshing native plugins compatible for Editor in 1.19 ms, found 1 plugins.
Preloading 0 native plugins for Editor in 0.00 ms.
Mono: successfully reloaded assembly
- Completed reload, in  2.811 seconds
Platform modules already initialized, skipping
Shader 'Universal Render Pipeline/Particles/Lit': fallback shader 'Universal Render Pipeline/Particles/SimpleLit' not found
Refreshing native plugins compatible for Editor in 1.06 ms, found 1 plugins.
Preloading 0 native plugins for Editor in 0.00 ms.
Unloading 3144 Unused Serialized files (Serialized files now loaded: 0)
System memory in use before: 135.5 MB.
System memory in use after: 135.6 MB.

Unloading 18 unused Assets to reduce memory usage. Loaded Objects now: 3709.
Total: 5.937100 ms (FindLiveObjects: 0.498400 ms CreateObjectMapping: 0.289100 ms MarkObjects: 4.973700 ms  DeleteObjects: 0.174300 ms)

========================================================================
Received Import Request.
  Time since last request: 230.529502 seconds.
  path: Assets/Scenes/Stages/Stage 2.unity
  artifactKey: Guid(d093fb5e05ce5cc49888f81ffd28ab9e) Importer(815301076,1909f56bfc062723c751e8b465ee728b)
Start importing Assets/Scenes/Stages/Stage 2.unity using Guid(d093fb5e05ce5cc49888f81ffd28ab9e) Importer(815301076,1909f56bfc062723c751e8b465ee728b)  -> (artifact id: '0dc801b9435276d37d5080dcaecc220a') in 0.015321 seconds
  Import took 0.075228 seconds .

========================================================================
Received Import Request.
  Time since last request: 2.910963 seconds.
  path: Assets/Scenes/Stages/Stage 1.unity
  artifactKey: Guid(e6c8ef84f2cc97f43a75998eea91c8d4) Importer(815301076,1909f56bfc062723c751e8b465ee728b)
Start importing Assets/Scenes/Stages/Stage 1.unity using Guid(e6c8ef84f2cc97f43a75998eea91c8d4) Importer(815301076,1909f56bfc062723c751e8b465ee728b)  -> (artifact id: '6076da84f76a4a11c8599d114c530fb2') in 0.006138 seconds
  Import took 0.029658 seconds .

========================================================================
Received Prepare
Registering precompiled user dll's ...
Registered in 0.004390 seconds.
Begin MonoManager ReloadAssembly
Native extension for WindowsStandalone target not found
Native extension for OSXStandalone target not found
Refreshing native plugins compatible for Editor in 0.85 ms, found 1 plugins.
Preloading 0 native plugins for Editor in 0.00 ms.
Mono: successfully reloaded assembly
- Completed reload, in  1.211 seconds
Platform modules already initialized, skipping
Shader 'Universal Render Pipeline/Particles/Lit': fallback shader 'Universal Render Pipeline/Particles/SimpleLit' not found
Refreshing native plugins compatible for Editor in 0.90 ms, found 1 plugins.
Preloading 0 native plugins for Editor in 0.00 ms.
Unloading 3144 Unused Serialized files (Serialized files now loaded: 0)
System memory in use before: 135.6 MB.
System memory in use after: 135.7 MB.

Unloading 18 unused Assets to reduce memory usage. Loaded Objects now: 3714.
Total: 3.511500 ms (FindLiveObjects: 0.349600 ms CreateObjectMapping: 0.148800 ms MarkObjects: 2.874800 ms  DeleteObjects: 0.137200 ms)

========================================================================
Received Prepare
Registering precompiled user dll's ...
Registered in 0.003834 seconds.
Begin MonoManager ReloadAssembly
Native extension for WindowsStandalone target not found
Native extension for OSXStandalone target not found
Refreshing native plugins compatible for Editor in 0.72 ms, found 1 plugins.
Preloading 0 native plugins for Editor in 0.00 ms.
Mono: successfully reloaded assembly
- Completed reload, in  1.044 seconds
Platform modules already initialized, skipping
Shader 'Universal Render Pipeline/Particles/Lit': fallback shader 'Universal Render Pipeline/Particles/SimpleLit' not found
Refreshing native plugins compatible for Editor in 0.87 ms, found 1 plugins.
Preloading 0 native plugins for Editor in 0.00 ms.
Unloading 3144 Unused Serialized files (Serialized files now loaded: 0)
System memory in use before: 135.6 MB.
System memory in use after: 135.7 MB.

Unloading 18 unused Assets to reduce memory usage. Loaded Objects now: 3719.
Total: 3.693500 ms (FindLiveObjects: 0.312900 ms CreateObjectMapping: 0.132200 ms MarkObjects: 2.756100 ms  DeleteObjects: 0.491000 ms)

========================================================================
Received Prepare
Registering precompiled user dll's ...
Registered in 0.004195 seconds.
Begin MonoManager ReloadAssembly
Native extension for WindowsStandalone target not found
Native extension for OSXStandalone target not found
Refreshing native plugins compatible for Editor in 1.36 ms, found 1 plugins.
Preloading 0 native plugins for Editor in 0.00 ms.
Mono: successfully reloaded assembly
- Completed reload, in  1.319 seconds
Platform modules already initialized, skipping
Shader 'Universal Render Pipeline/Particles/Lit': fallback shader 'Universal Render Pipeline/Particles/SimpleLit' not found
Refreshing native plugins compatible for Editor in 0.87 ms, found 1 plugins.
Preloading 0 native plugins for Editor in 0.00 ms.
Unloading 3144 Unused Serialized files (Serialized files now loaded: 0)
System memory in use before: 135.6 MB.
System memory in use after: 135.7 MB.

Unloading 18 unused Assets to reduce memory usage. Loaded Objects now: 3724.
Total: 2.686200 ms (FindLiveObjects: 0.300600 ms CreateObjectMapping: 0.162200 ms MarkObjects: 2.104900 ms  DeleteObjects: 0.117300 ms)

========================================================================
Received Prepare
Registering precompiled user dll's ...
Registered in 0.009931 seconds.
Begin MonoManager ReloadAssembly
Native extension for WindowsStandalone target not found
Native extension for OSXStandalone target not found
Refreshing native plugins compatible for Editor in 1.03 ms, found 1 plugins.
Preloading 0 native plugins for Editor in 0.00 ms.
Mono: successfully reloaded assembly
- Completed reload, in  1.267 seconds
Platform modules already initialized, skipping
Shader 'Universal Render Pipeline/Particles/Lit': fallback shader 'Universal Render Pipeline/Particles/SimpleLit' not found
Refreshing native plugins compatible for Editor in 1.32 ms, found 1 plugins.
Preloading 0 native plugins for Editor in 0.00 ms.
Unloading 3158 Unused Serialized files (Serialized files now loaded: 0)
System memory in use before: 136.1 MB.
System memory in use after: 136.2 MB.

Unloading 18 unused Assets to reduce memory usage. Loaded Objects now: 3743.
Total: 8.683600 ms (FindLiveObjects: 0.762200 ms CreateObjectMapping: 0.383500 ms MarkObjects: 7.221900 ms  DeleteObjects: 0.312900 ms)

========================================================================
Received Prepare
Registering precompiled user dll's ...
Registered in 0.006157 seconds.
Begin MonoManager ReloadAssembly
Native extension for WindowsStandalone target not found
Native extension for OSXStandalone target not found
Refreshing native plugins compatible for Editor in 0.76 ms, found 1 plugins.
Preloading 0 native plugins for Editor in 0.00 ms.
Mono: successfully reloaded assembly
- Completed reload, in  1.029 seconds
Platform modules already initialized, skipping
Shader 'Universal Render Pipeline/Particles/Lit': fallback shader 'Universal Render Pipeline/Particles/SimpleLit' not found
Refreshing native plugins compatible for Editor in 0.71 ms, found 1 plugins.
Preloading 0 native plugins for Editor in 0.00 ms.
Unloading 3158 Unused Serialized files (Serialized files now loaded: 0)
System memory in use before: 136.2 MB.
System memory in use after: 136.3 MB.

Unloading 18 unused Assets to reduce memory usage. Loaded Objects now: 3748.
Total: 2.603300 ms (FindLiveObjects: 0.273100 ms CreateObjectMapping: 0.129700 ms MarkObjects: 1.967400 ms  DeleteObjects: 0.232100 ms)

========================================================================
Received Import Request.
  Time since last request: 2065.187135 seconds.
  path: Assets/Resources/Characters/Level1_Nurse.prefab
  artifactKey: Guid(17f3f7448e951e64897987c386e63602) Importer(815301076,1909f56bfc062723c751e8b465ee728b)
Start importing Assets/Resources/Characters/Level1_Nurse.prefab using Guid(17f3f7448e951e64897987c386e63602) Importer(815301076,1909f56bfc062723c751e8b465ee728b)  -> (artifact id: 'c948787d8ac28628d642f5d3c1d24cc3') in 0.293603 seconds
  Import took 0.300017 seconds .

========================================================================
Received Prepare
Registering precompiled user dll's ...
Registered in 0.006666 seconds.
Begin MonoManager ReloadAssembly
Native extension for WindowsStandalone target not found
Native extension for OSXStandalone target not found
Refreshing native plugins compatible for Editor in 0.74 ms, found 1 plugins.
Preloading 0 native plugins for Editor in 0.00 ms.
Mono: successfully reloaded assembly
- Completed reload, in  1.053 seconds
Platform modules already initialized, skipping
Shader 'Universal Render Pipeline/Particles/Lit': fallback shader 'Universal Render Pipeline/Particles/SimpleLit' not found
Refreshing native plugins compatible for Editor in 0.72 ms, found 1 plugins.
Preloading 0 native plugins for Editor in 0.00 ms.
Unloading 3158 Unused Serialized files (Serialized files now loaded: 0)
System memory in use before: 141.3 MB.
System memory in use after: 141.4 MB.

Unloading 18 unused Assets to reduce memory usage. Loaded Objects now: 3798.
Total: 3.222600 ms (FindLiveObjects: 1.001200 ms CreateObjectMapping: 0.178100 ms MarkObjects: 1.938500 ms  DeleteObjects: 0.103900 ms)

========================================================================
Received Import Request.
  Time since last request: 251.846513 seconds.
  path: Assets/Resources/Characters/Level1_Nurse.prefab
  artifactKey: Guid(17f3f7448e951e64897987c386e63602) Importer(815301076,1909f56bfc062723c751e8b465ee728b)
Start importing Assets/Resources/Characters/Level1_Nurse.prefab using Guid(17f3f7448e951e64897987c386e63602) Importer(815301076,1909f56bfc062723c751e8b465ee728b)  -> (artifact id: 'db35cae79eff2f34b0b39c6bcb38fc37') in 0.164382 seconds
  Import took 0.169858 seconds .

========================================================================
Received Prepare
Registering precompiled user dll's ...
Registered in 0.006257 seconds.
Begin MonoManager ReloadAssembly
Native extension for WindowsStandalone target not found
Native extension for OSXStandalone target not found
Refreshing native plugins compatible for Editor in 0.76 ms, found 1 plugins.
Preloading 0 native plugins for Editor in 0.00 ms.
Mono: successfully reloaded assembly
- Completed reload, in  1.236 seconds
Platform modules already initialized, skipping
Shader 'Universal Render Pipeline/Particles/Lit': fallback shader 'Universal Render Pipeline/Particles/SimpleLit' not found
Refreshing native plugins compatible for Editor in 1.49 ms, found 1 plugins.
Preloading 0 native plugins for Editor in 0.00 ms.
Unloading 3158 Unused Serialized files (Serialized files now loaded: 0)
System memory in use before: 141.4 MB.
System memory in use after: 141.5 MB.

Unloading 18 unused Assets to reduce memory usage. Loaded Objects now: 3839.
Total: 2.821000 ms (FindLiveObjects: 0.324200 ms CreateObjectMapping: 0.161600 ms MarkObjects: 2.184100 ms  DeleteObjects: 0.150100 ms)

========================================================================
Received Import Request.
  Time since last request: 279.664203 seconds.
  path: Assets/Resources/Characters/Level1_Nurse.prefab
  artifactKey: Guid(17f3f7448e951e64897987c386e63602) Importer(815301076,1909f56bfc062723c751e8b465ee728b)
Start importing Assets/Resources/Characters/Level1_Nurse.prefab using Guid(17f3f7448e951e64897987c386e63602) Importer(815301076,1909f56bfc062723c751e8b465ee728b)  -> (artifact id: 'b295c03ae8788146ec2aeb33f10a3121') in 0.162908 seconds
  Import took 0.179949 seconds .

========================================================================
Received Prepare
Registering precompiled user dll's ...
Registered in 0.004909 seconds.
Begin MonoManager ReloadAssembly
Native extension for WindowsStandalone target not found
Native extension for OSXStandalone target not found
Refreshing native plugins compatible for Editor in 1.82 ms, found 1 plugins.
Preloading 0 native plugins for Editor in 0.00 ms.
Mono: successfully reloaded assembly
- Completed reload, in  1.393 seconds
Platform modules already initialized, skipping
Shader 'Universal Render Pipeline/Particles/Lit': fallback shader 'Universal Render Pipeline/Particles/SimpleLit' not found
Refreshing native plugins compatible for Editor in 0.97 ms, found 1 plugins.
Preloading 0 native plugins for Editor in 0.00 ms.
Unloading 3158 Unused Serialized files (Serialized files now loaded: 0)
System memory in use before: 141.6 MB.
System memory in use after: 141.7 MB.

Unloading 18 unused Assets to reduce memory usage. Loaded Objects now: 3880.
Total: 5.238600 ms (FindLiveObjects: 1.104600 ms CreateObjectMapping: 0.424600 ms MarkObjects: 3.537500 ms  DeleteObjects: 0.170400 ms)

========================================================================
Received Prepare
Registering precompiled user dll's ...
Registered in 0.005052 seconds.
Begin MonoManager ReloadAssembly
Native extension for WindowsStandalone target not found
Native extension for OSXStandalone target not found
Refreshing native plugins compatible for Editor in 0.77 ms, found 1 plugins.
Preloading 0 native plugins for Editor in 0.00 ms.
Mono: successfully reloaded assembly
- Completed reload, in  1.252 seconds
Platform modules already initialized, skipping
Shader 'Universal Render Pipeline/Particles/Lit': fallback shader 'Universal Render Pipeline/Particles/SimpleLit' not found
Refreshing native plugins compatible for Editor in 0.96 ms, found 1 plugins.
Preloading 0 native plugins for Editor in 0.00 ms.
Unloading 3158 Unused Serialized files (Serialized files now loaded: 0)
System memory in use before: 141.6 MB.
System memory in use after: 141.7 MB.

Unloading 18 unused Assets to reduce memory usage. Loaded Objects now: 3885.
Total: 5.157700 ms (FindLiveObjects: 0.416000 ms CreateObjectMapping: 0.250100 ms MarkObjects: 4.311000 ms  DeleteObjects: 0.179100 ms)

========================================================================
Received Prepare
Registering precompiled user dll's ...
Registered in 0.004242 seconds.
Begin MonoManager ReloadAssembly
Native extension for WindowsStandalone target not found
Native extension for OSXStandalone target not found
Refreshing native plugins compatible for Editor in 0.77 ms, found 1 plugins.
Preloading 0 native plugins for Editor in 0.00 ms.
Mono: successfully reloaded assembly
- Completed reload, in  1.209 seconds
Platform modules already initialized, skipping
Shader 'Universal Render Pipeline/Particles/Lit': fallback shader 'Universal Render Pipeline/Particles/SimpleLit' not found
Refreshing native plugins compatible for Editor in 1.14 ms, found 1 plugins.
Preloading 0 native plugins for Editor in 0.00 ms.
Unloading 3158 Unused Serialized files (Serialized files now loaded: 0)
System memory in use before: 141.6 MB.
System memory in use after: 141.7 MB.

Unloading 18 unused Assets to reduce memory usage. Loaded Objects now: 3890.
Total: 3.223400 ms (FindLiveObjects: 0.348700 ms CreateObjectMapping: 0.180300 ms MarkObjects: 2.559800 ms  DeleteObjects: 0.133200 ms)

========================================================================
Received Prepare
Registering precompiled user dll's ...
Registered in 0.003833 seconds.
Begin MonoManager ReloadAssembly
Native extension for WindowsStandalone target not found
Native extension for OSXStandalone target not found
Refreshing native plugins compatible for Editor in 0.70 ms, found 1 plugins.
Preloading 0 native plugins for Editor in 0.00 ms.
Mono: successfully reloaded assembly
- Completed reload, in  1.168 seconds
Platform modules already initialized, skipping
Shader 'Universal Render Pipeline/Particles/Lit': fallback shader 'Universal Render Pipeline/Particles/SimpleLit' not found
Refreshing native plugins compatible for Editor in 1.96 ms, found 1 plugins.
Preloading 0 native plugins for Editor in 0.00 ms.
Unloading 3158 Unused Serialized files (Serialized files now loaded: 0)
System memory in use before: 141.6 MB.
System memory in use after: 141.7 MB.

Unloading 18 unused Assets to reduce memory usage. Loaded Objects now: 3895.
Total: 4.413200 ms (FindLiveObjects: 0.496700 ms CreateObjectMapping: 0.226000 ms MarkObjects: 3.457400 ms  DeleteObjects: 0.221600 ms)

========================================================================
Received Prepare
Registering precompiled user dll's ...
Registered in 0.004307 seconds.
Begin MonoManager ReloadAssembly
Native extension for WindowsStandalone target not found
Native extension for OSXStandalone target not found
Refreshing native plugins compatible for Editor in 0.85 ms, found 1 plugins.
Preloading 0 native plugins for Editor in 0.00 ms.
Mono: successfully reloaded assembly
- Completed reload, in  1.441 seconds
Platform modules already initialized, skipping
Shader 'Universal Render Pipeline/Particles/Lit': fallback shader 'Universal Render Pipeline/Particles/SimpleLit' not found
Refreshing native plugins compatible for Editor in 0.75 ms, found 1 plugins.
Preloading 0 native plugins for Editor in 0.00 ms.
Unloading 3158 Unused Serialized files (Serialized files now loaded: 0)
System memory in use before: 141.6 MB.
System memory in use after: 141.7 MB.

Unloading 18 unused Assets to reduce memory usage. Loaded Objects now: 3900.
Total: 2.724600 ms (FindLiveObjects: 0.330700 ms CreateObjectMapping: 0.162200 ms MarkObjects: 2.092400 ms  DeleteObjects: 0.138200 ms)

========================================================================
Received Prepare
Registering precompiled user dll's ...
Registered in 0.006852 seconds.
Begin MonoManager ReloadAssembly
Native extension for WindowsStandalone target not found
Native extension for OSXStandalone target not found
Refreshing native plugins compatible for Editor in 0.72 ms, found 1 plugins.
Preloading 0 native plugins for Editor in 0.00 ms.
Mono: successfully reloaded assembly
- Completed reload, in  1.130 seconds
Platform modules already initialized, skipping
Shader 'Universal Render Pipeline/Particles/Lit': fallback shader 'Universal Render Pipeline/Particles/SimpleLit' not found
Refreshing native plugins compatible for Editor in 1.51 ms, found 1 plugins.
Preloading 0 native plugins for Editor in 0.00 ms.
Unloading 3158 Unused Serialized files (Serialized files now loaded: 0)
System memory in use before: 141.6 MB.
System memory in use after: 141.7 MB.

Unloading 18 unused Assets to reduce memory usage. Loaded Objects now: 3905.
Total: 2.668600 ms (FindLiveObjects: 0.341800 ms CreateObjectMapping: 0.144900 ms MarkObjects: 2.068400 ms  DeleteObjects: 0.112500 ms)

========================================================================
Received Prepare
Registering precompiled user dll's ...
Registered in 0.004413 seconds.
Begin MonoManager ReloadAssembly
Native extension for WindowsStandalone target not found
Native extension for OSXStandalone target not found
Refreshing native plugins compatible for Editor in 0.99 ms, found 1 plugins.
Preloading 0 native plugins for Editor in 0.00 ms.
Mono: successfully reloaded assembly
- Completed reload, in  1.077 seconds
Platform modules already initialized, skipping
Shader 'Universal Render Pipeline/Particles/Lit': fallback shader 'Universal Render Pipeline/Particles/SimpleLit' not found
Refreshing native plugins compatible for Editor in 0.81 ms, found 1 plugins.
Preloading 0 native plugins for Editor in 0.00 ms.
Unloading 3158 Unused Serialized files (Serialized files now loaded: 0)
System memory in use before: 141.7 MB.
System memory in use after: 141.8 MB.

Unloading 18 unused Assets to reduce memory usage. Loaded Objects now: 3910.
Total: 3.763600 ms (FindLiveObjects: 0.772600 ms CreateObjectMapping: 0.325600 ms MarkObjects: 2.530000 ms  DeleteObjects: 0.132200 ms)

========================================================================
Received Prepare
Registering precompiled user dll's ...
Registered in 0.004780 seconds.
Begin MonoManager ReloadAssembly
Native extension for WindowsStandalone target not found
Native extension for OSXStandalone target not found
Refreshing native plugins compatible for Editor in 0.94 ms, found 1 plugins.
Preloading 0 native plugins for Editor in 0.00 ms.
Mono: successfully reloaded assembly
- Completed reload, in  1.168 seconds
Platform modules already initialized, skipping
Shader 'Universal Render Pipeline/Particles/Lit': fallback shader 'Universal Render Pipeline/Particles/SimpleLit' not found
Refreshing native plugins compatible for Editor in 0.85 ms, found 1 plugins.
Preloading 0 native plugins for Editor in 0.00 ms.
Unloading 3158 Unused Serialized files (Serialized files now loaded: 0)
System memory in use before: 141.7 MB.
System memory in use after: 141.8 MB.

Unloading 18 unused Assets to reduce memory usage. Loaded Objects now: 3915.
Total: 2.945800 ms (FindLiveObjects: 0.381000 ms CreateObjectMapping: 0.127200 ms MarkObjects: 2.308500 ms  DeleteObjects: 0.128400 ms)

========================================================================
Received Prepare
Registering precompiled user dll's ...
Registered in 0.004153 seconds.
Begin MonoManager ReloadAssembly
Native extension for WindowsStandalone target not found
Native extension for OSXStandalone target not found
Refreshing native plugins compatible for Editor in 0.79 ms, found 1 plugins.
Preloading 0 native plugins for Editor in 0.00 ms.
Mono: successfully reloaded assembly
- Completed reload, in  1.168 seconds
Platform modules already initialized, skipping
Shader 'Universal Render Pipeline/Particles/Lit': fallback shader 'Universal Render Pipeline/Particles/SimpleLit' not found
Refreshing native plugins compatible for Editor in 0.71 ms, found 1 plugins.
Preloading 0 native plugins for Editor in 0.00 ms.
Unloading 3158 Unused Serialized files (Serialized files now loaded: 0)
System memory in use before: 141.7 MB.
System memory in use after: 141.8 MB.

Unloading 18 unused Assets to reduce memory usage. Loaded Objects now: 3920.
Total: 2.594900 ms (FindLiveObjects: 0.310100 ms CreateObjectMapping: 0.150000 ms MarkObjects: 2.029100 ms  DeleteObjects: 0.104700 ms)

========================================================================
Received Prepare
Registering precompiled user dll's ...
Registered in 0.005660 seconds.
Begin MonoManager ReloadAssembly
Native extension for WindowsStandalone target not found
Native extension for OSXStandalone target not found
Refreshing native plugins compatible for Editor in 0.80 ms, found 1 plugins.
Preloading 0 native plugins for Editor in 0.00 ms.
Mono: successfully reloaded assembly
- Completed reload, in  1.369 seconds
Platform modules already initialized, skipping
Shader 'Universal Render Pipeline/Particles/Lit': fallback shader 'Universal Render Pipeline/Particles/SimpleLit' not found
Refreshing native plugins compatible for Editor in 0.86 ms, found 1 plugins.
Preloading 0 native plugins for Editor in 0.00 ms.
Unloading 3158 Unused Serialized files (Serialized files now loaded: 0)
System memory in use before: 141.7 MB.
System memory in use after: 141.8 MB.

Unloading 18 unused Assets to reduce memory usage. Loaded Objects now: 3925.
Total: 3.443800 ms (FindLiveObjects: 0.398100 ms CreateObjectMapping: 0.182400 ms MarkObjects: 2.716700 ms  DeleteObjects: 0.144300 ms)

========================================================================
Received Import Request.
  Time since last request: 979.985269 seconds.
  path: Assets/Resources/Characters/js-1.prefab
  artifactKey: Guid(2134684e8f883754f9963c223cbc70e7) Importer(815301076,1909f56bfc062723c751e8b465ee728b)
Start importing Assets/Resources/Characters/js-1.prefab using Guid(2134684e8f883754f9963c223cbc70e7) Importer(815301076,1909f56bfc062723c751e8b465ee728b)  -> (artifact id: '4c3150b3cdac48bbcffa112d0b4b1ee3') in 0.192682 seconds
  Import took 0.199911 seconds .

========================================================================
Received Import Request.
  Time since last request: 6.987793 seconds.
  path: Assets/Resources/Characters/js-1.prefab
  artifactKey: Guid(2134684e8f883754f9963c223cbc70e7) Importer(815301076,1909f56bfc062723c751e8b465ee728b)
Start importing Assets/Resources/Characters/js-1.prefab using Guid(2134684e8f883754f9963c223cbc70e7) Importer(815301076,1909f56bfc062723c751e8b465ee728b)  -> (artifact id: '7edc33af1bc21e18ce32e5eb6c7356fe') in 0.010113 seconds
  Import took 0.017048 seconds .

========================================================================
Received Import Request.
  Time since last request: 18.972111 seconds.
  path: Assets/Resources/Characters/js-1.prefab
  artifactKey: Guid(2134684e8f883754f9963c223cbc70e7) Importer(815301076,1909f56bfc062723c751e8b465ee728b)
Start importing Assets/Resources/Characters/js-1.prefab using Guid(2134684e8f883754f9963c223cbc70e7) Importer(815301076,1909f56bfc062723c751e8b465ee728b)  -> (artifact id: 'f5145aa30276034ea1641e18a1ee0be6') in 0.010706 seconds
  Import took 0.017185 seconds .

========================================================================
Received Import Request.
  Time since last request: 18.103032 seconds.
  path: Assets/Resources/Characters/js-1.prefab
  artifactKey: Guid(2134684e8f883754f9963c223cbc70e7) Importer(815301076,1909f56bfc062723c751e8b465ee728b)
Start importing Assets/Resources/Characters/js-1.prefab using Guid(2134684e8f883754f9963c223cbc70e7) Importer(815301076,1909f56bfc062723c751e8b465ee728b)  -> (artifact id: '5c7bfee9132c1e2312159d1433f791e8') in 0.010453 seconds
  Import took 0.017349 seconds .

========================================================================
Received Import Request.
  Time since last request: 2.629238 seconds.
  path: Assets/Resources/Characters/js-1.prefab
  artifactKey: Guid(2134684e8f883754f9963c223cbc70e7) Importer(815301076,1909f56bfc062723c751e8b465ee728b)
Start importing Assets/Resources/Characters/js-1.prefab using Guid(2134684e8f883754f9963c223cbc70e7) Importer(815301076,1909f56bfc062723c751e8b465ee728b)  -> (artifact id: '0fc035456233647f8887cc04b3cf3416') in 0.010287 seconds
  Import took 0.018084 seconds .

========================================================================
Received Prepare
Registering precompiled user dll's ...
Registered in 0.004802 seconds.
Begin MonoManager ReloadAssembly
Native extension for WindowsStandalone target not found
Native extension for OSXStandalone target not found
Refreshing native plugins compatible for Editor in 1.10 ms, found 1 plugins.
Preloading 0 native plugins for Editor in 0.00 ms.
Mono: successfully reloaded assembly
- Completed reload, in  1.370 seconds
Platform modules already initialized, skipping
Shader 'Universal Render Pipeline/Particles/Lit': fallback shader 'Universal Render Pipeline/Particles/SimpleLit' not found
Refreshing native plugins compatible for Editor in 0.77 ms, found 1 plugins.
Preloading 0 native plugins for Editor in 0.00 ms.
Unloading 3158 Unused Serialized files (Serialized files now loaded: 0)
System memory in use before: 141.8 MB.
System memory in use after: 141.9 MB.

Unloading 18 unused Assets to reduce memory usage. Loaded Objects now: 3966.
Total: 2.735900 ms (FindLiveObjects: 0.378900 ms CreateObjectMapping: 0.160400 ms MarkObjects: 2.086800 ms  DeleteObjects: 0.108800 ms)

========================================================================
Received Prepare
Registering precompiled user dll's ...
Registered in 0.005182 seconds.
Begin MonoManager ReloadAssembly
Native extension for WindowsStandalone target not found
Native extension for OSXStandalone target not found
Refreshing native plugins compatible for Editor in 0.70 ms, found 1 plugins.
Preloading 0 native plugins for Editor in 0.00 ms.
Mono: successfully reloaded assembly
- Completed reload, in  1.241 seconds
Platform modules already initialized, skipping
Shader 'Universal Render Pipeline/Particles/Lit': fallback shader 'Universal Render Pipeline/Particles/SimpleLit' not found
Refreshing native plugins compatible for Editor in 0.75 ms, found 1 plugins.
Preloading 0 native plugins for Editor in 0.00 ms.
Unloading 3158 Unused Serialized files (Serialized files now loaded: 0)
System memory in use before: 141.8 MB.
System memory in use after: 141.9 MB.

Unloading 18 unused Assets to reduce memory usage. Loaded Objects now: 3971.
Total: 3.011700 ms (FindLiveObjects: 0.353300 ms CreateObjectMapping: 0.182000 ms MarkObjects: 2.335800 ms  DeleteObjects: 0.139600 ms)

========================================================================
Received Prepare
Registering precompiled user dll's ...
Registered in 0.005227 seconds.
Begin MonoManager ReloadAssembly
Native extension for WindowsStandalone target not found
Native extension for OSXStandalone target not found
Refreshing native plugins compatible for Editor in 1.11 ms, found 1 plugins.
Preloading 0 native plugins for Editor in 0.00 ms.
Mono: successfully reloaded assembly
- Completed reload, in  1.762 seconds
Platform modules already initialized, skipping
Shader 'Universal Render Pipeline/Particles/Lit': fallback shader 'Universal Render Pipeline/Particles/SimpleLit' not found
Refreshing native plugins compatible for Editor in 1.45 ms, found 1 plugins.
Preloading 0 native plugins for Editor in 0.00 ms.
Unloading 3158 Unused Serialized files (Serialized files now loaded: 0)
System memory in use before: 141.8 MB.
System memory in use after: 141.9 MB.

Unloading 18 unused Assets to reduce memory usage. Loaded Objects now: 3976.
Total: 4.853000 ms (FindLiveObjects: 0.755200 ms CreateObjectMapping: 0.260900 ms MarkObjects: 3.618400 ms  DeleteObjects: 0.215800 ms)

========================================================================
Received Import Request.
  Time since last request: 443.953505 seconds.
  path: Assets/Resources/Characters/chaser.prefab
  artifactKey: Guid(0d551175cffb62c41ad2ffe2b413e9dc) Importer(815301076,1909f56bfc062723c751e8b465ee728b)
Start importing Assets/Resources/Characters/chaser.prefab using Guid(0d551175cffb62c41ad2ffe2b413e9dc) Importer(815301076,1909f56bfc062723c751e8b465ee728b)  -> (artifact id: 'b44a5ca8cf2c324b428aa7cf9993d6d6') in 0.212925 seconds
  Import took 0.229860 seconds .

========================================================================
Received Import Request.
  Time since last request: 3.142342 seconds.
  path: Assets/Resources/Characters/js-1.prefab
  artifactKey: Guid(2134684e8f883754f9963c223cbc70e7) Importer(815301076,1909f56bfc062723c751e8b465ee728b)
Start importing Assets/Resources/Characters/js-1.prefab using Guid(2134684e8f883754f9963c223cbc70e7) Importer(815301076,1909f56bfc062723c751e8b465ee728b)  -> (artifact id: '0c8c24128c0ecfa7b126dd8aadc8eadd') in 0.010493 seconds
  Import took 0.027920 seconds .

========================================================================
Received Import Request.
  Time since last request: 2.198364 seconds.
  path: Assets/Resources/Characters/js-1.prefab
  artifactKey: Guid(2134684e8f883754f9963c223cbc70e7) Importer(815301076,1909f56bfc062723c751e8b465ee728b)
Start importing Assets/Resources/Characters/js-1.prefab using Guid(2134684e8f883754f9963c223cbc70e7) Importer(815301076,1909f56bfc062723c751e8b465ee728b)  -> (artifact id: '5dd0eb6f2f338e715929119af1922a0f') in 0.011237 seconds
  Import took 0.028926 seconds .

========================================================================
Received Prepare
Registering precompiled user dll's ...
Registered in 0.005097 seconds.
Begin MonoManager ReloadAssembly
Native extension for WindowsStandalone target not found
Native extension for OSXStandalone target not found
Refreshing native plugins compatible for Editor in 0.91 ms, found 1 plugins.
Preloading 0 native plugins for Editor in 0.00 ms.
Mono: successfully reloaded assembly
- Completed reload, in  1.711 seconds
Platform modules already initialized, skipping
Shader 'Universal Render Pipeline/Particles/Lit': fallback shader 'Universal Render Pipeline/Particles/SimpleLit' not found
Refreshing native plugins compatible for Editor in 1.15 ms, found 1 plugins.
Preloading 0 native plugins for Editor in 0.00 ms.
Unloading 3158 Unused Serialized files (Serialized files now loaded: 0)
System memory in use before: 141.9 MB.
System memory in use after: 142.0 MB.

Unloading 18 unused Assets to reduce memory usage. Loaded Objects now: 4017.
Total: 4.396800 ms (FindLiveObjects: 0.546500 ms CreateObjectMapping: 0.447200 ms MarkObjects: 3.252000 ms  DeleteObjects: 0.149300 ms)

AssetImportWorkerClient::OnTransportError - code=2 error=End of file
